Arguments: 
  /usr/bin/node /usr/share/yarn/bin/yarn.js add --dev typescript @node/types

PATH: 
  /home/th3shadow/.cargo/bin:/usr/local/sbin:/usr/sbin:/sbin:/usr/local/bin:/usr/bin:/bin:/usr/local/games:/usr/games:/home/th3shadow/.dotnet/tools

Yarn version: 
  1.22.17

Node version: 
  12.22.7

Platform: 
  linux x64

Trace: 
  Error: https://registry.yarnpkg.com/@node%2ftypes: Not found
      at Request.params.callback [as _callback] (/usr/share/yarn/lib/cli.js:67029:18)
      at Request.self.callback (/usr/share/yarn/lib/cli.js:140883:22)
      at Request.emit (events.js:314:20)
      at Request.<anonymous> (/usr/share/yarn/lib/cli.js:141855:10)
      at Request.emit (events.js:314:20)
      at IncomingMessage.<anonymous> (/usr/share/yarn/lib/cli.js:141777:12)
      at Object.onceWrapper (events.js:420:28)
      at IncomingMessage.emit (events.js:326:22)
      at endReadableNT (_stream_readable.js:1241:12)
      at processTicksAndRejections (internal/process/task_queues.js:84:21)

npm manifest: 
  {
    "name": "cli",
    "version": "1.0.0",
    "main": "index.js",
    "license": "MIT"
  }

yarn manifest: 
  No manifest

Lockfile: 
  # THIS IS AN AUTOGENERATED FILE. DO NOT EDIT THIS FILE DIRECTLY.
  # yarn lockfile v1
